<?xml version="1.0" encoding="UTF-8"?>
<testsuite xmlns:xsi="http://www.w3.org/2001/XMLSchema-instance" xsi:noNamespaceSchemaLocation="https://maven.apache.org/surefire/maven-surefire-plugin/xsd/surefire-test-report.xsd" name="com.lpu.MavenDemo.TestTransactionBySlip" time="0" tests="6" errors="0" skipped="0" failures="0">
  <properties>
    <property name="sun.desktop" value="windows"/>
    <property name="awt.toolkit" value="sun.awt.windows.WToolkit"/>
    <property name="file.encoding.pkg" value="sun.io"/>
    <property name="java.specification.version" value="1.8"/>
    <property name="sun.cpu.isalist" value="amd64"/>
    <property name="sun.jnu.encoding" value="Cp1252"/>
    <property name="java.class.path" value="N:\Cap Training\stsWorkspace\MavenDemo\target\test-classes;N:\Cap Training\stsWorkspace\MavenDemo\target\classes;C:\Users\pooji\.m2\repository\junit\junit\4.11\junit-4.11.jar;C:\Users\pooji\.m2\repository\org\hamcrest\hamcrest-core\1.3\hamcrest-core-1.3.jar;C:\Users\pooji\.m2\repository\org\junit\jupiter\junit-jupiter-api\5.5.2\junit-jupiter-api-5.5.2.jar;C:\Users\pooji\.m2\repository\org\apiguardian\apiguardian-api\1.1.0\apiguardian-api-1.1.0.jar;C:\Users\pooji\.m2\repository\org\opentest4j\opentest4j\1.2.0\opentest4j-1.2.0.jar;C:\Users\pooji\.m2\repository\org\junit\platform\junit-platform-commons\1.5.2\junit-platform-commons-1.5.2.jar;C:\Users\pooji\.m2\repository\org\junit\jupiter\junit-jupiter-engine\5.5.2\junit-jupiter-engine-5.5.2.jar;C:\Users\pooji\.m2\repository\org\junit\platform\junit-platform-engine\1.5.2\junit-platform-engine-1.5.2.jar;C:\Users\pooji\.m2\repository\org\junit\jupiter\junit-jupiter-params\5.5.2\junit-jupiter-params-5.5.2.jar;"/>
    <property name="java.vm.vendor" value="Oracle Corporation"/>
    <property name="sun.arch.data.model" value="64"/>
    <property name="user.variant" value=""/>
    <property name="java.vendor.url" value="http://java.oracle.com/"/>
    <property name="user.timezone" value="Asia/Calcutta"/>
    <property name="java.vm.specification.version" value="1.8"/>
    <property name="os.name" value="Windows 10"/>
    <property name="user.country" value="IN"/>
    <property name="sun.java.launcher" value="SUN_STANDARD"/>
    <property name="sun.boot.library.path" value="C:\Users\pooji\OneDrive\Desktop\java\bin"/>
    <property name="sun.java.command" value="C:\Users\pooji\AppData\Local\Temp\surefire8397231606306898069\surefirebooter8117259149923328838.jar C:\Users\pooji\AppData\Local\Temp\surefire8397231606306898069 2020-02-19T09-18-33_369-jvmRun1 surefire2911366407013345258tmp surefire_04785086540323119205tmp"/>
    <property name="surefire.test.class.path" value="N:\Cap Training\stsWorkspace\MavenDemo\target\test-classes;N:\Cap Training\stsWorkspace\MavenDemo\target\classes;C:\Users\pooji\.m2\repository\junit\junit\4.11\junit-4.11.jar;C:\Users\pooji\.m2\repository\org\hamcrest\hamcrest-core\1.3\hamcrest-core-1.3.jar;C:\Users\pooji\.m2\repository\org\junit\jupiter\junit-jupiter-api\5.5.2\junit-jupiter-api-5.5.2.jar;C:\Users\pooji\.m2\repository\org\apiguardian\apiguardian-api\1.1.0\apiguardian-api-1.1.0.jar;C:\Users\pooji\.m2\repository\org\opentest4j\opentest4j\1.2.0\opentest4j-1.2.0.jar;C:\Users\pooji\.m2\repository\org\junit\platform\junit-platform-commons\1.5.2\junit-platform-commons-1.5.2.jar;C:\Users\pooji\.m2\repository\org\junit\jupiter\junit-jupiter-engine\5.5.2\junit-jupiter-engine-5.5.2.jar;C:\Users\pooji\.m2\repository\org\junit\platform\junit-platform-engine\1.5.2\junit-platform-engine-1.5.2.jar;C:\Users\pooji\.m2\repository\org\junit\jupiter\junit-jupiter-params\5.5.2\junit-jupiter-params-5.5.2.jar;"/>
    <property name="sun.cpu.endian" value="little"/>
    <property name="user.home" value="C:\Users\pooji"/>
    <property name="user.language" value="en"/>
    <property name="java.specification.vendor" value="Oracle Corporation"/>
    <property name="java.home" value="C:\Users\pooji\OneDrive\Desktop\java"/>
    <property name="basedir" value="N:\Cap Training\stsWorkspace\MavenDemo"/>
    <property name="style.color" value="always"/>
    <property name="file.separator" value="\"/>
    <property name="line.separator" value="&#10;"/>
    <property name="java.vm.specification.vendor" value="Oracle Corporation"/>
    <property name="java.specification.name" value="Java Platform API Specification"/>
    <property name="java.awt.graphicsenv" value="sun.awt.Win32GraphicsEnvironment"/>
    <property name="surefire.real.class.path" value="C:\Users\pooji\AppData\Local\Temp\surefire8397231606306898069\surefirebooter8117259149923328838.jar"/>
    <property name="sun.boot.class.path" value="C:\Users\pooji\OneDrive\Desktop\java\lib\resources.jar;C:\Users\pooji\OneDrive\Desktop\java\lib\rt.jar;C:\Users\pooji\OneDrive\Desktop\java\lib\sunrsasign.jar;C:\Users\pooji\OneDrive\Desktop\java\lib\jsse.jar;C:\Users\pooji\OneDrive\Desktop\java\lib\jce.jar;C:\Users\pooji\OneDrive\Desktop\java\lib\charsets.jar;C:\Users\pooji\OneDrive\Desktop\java\lib\jfr.jar;C:\Users\pooji\OneDrive\Desktop\java\classes"/>
    <property name="user.script" value=""/>
    <property name="sun.management.compiler" value="HotSpot 64-Bit Tiered Compilers"/>
    <property name="java.runtime.version" value="1.8.0_231-b11"/>
    <property name="user.name" value="pooji"/>
    <property name="path.separator" value=";"/>
    <property name="os.version" value="10.0"/>
    <property name="java.endorsed.dirs" value="C:\Users\pooji\OneDrive\Desktop\java\lib\endorsed"/>
    <property name="java.runtime.name" value="Java(TM) SE Runtime Environment"/>
    <property name="file.encoding" value="Cp1252"/>
    <property name="java.vm.name" value="Java HotSpot(TM) 64-Bit Server VM"/>
    <property name="localRepository" value="C:\Users\pooji\.m2\repository"/>
    <property name="java.vendor.url.bug" value="http://bugreport.sun.com/bugreport/"/>
    <property name="java.io.tmpdir" value="C:\Users\pooji\AppData\Local\Temp\"/>
    <property name="java.version" value="1.8.0_231"/>
    <property name="user.dir" value="N:\Cap Training\stsWorkspace\MavenDemo"/>
    <property name="os.arch" value="amd64"/>
    <property name="java.vm.specification.name" value="Java Virtual Machine Specification"/>
    <property name="java.awt.printerjob" value="sun.awt.windows.WPrinterJob"/>
    <property name="sun.os.patch.level" value=""/>
    <property name="java.library.path" value="C:\Users\pooji\OneDrive\Desktop\java\bin;C:\WINDOWS\Sun\Java\bin;C:\WINDOWS\system32;C:\WINDOWS;C:/Users/pooji/OneDrive/Desktop/java/bin/server;C:/Users/pooji/OneDrive/Desktop/java/bin;C:/Users/pooji/OneDrive/Desktop/java/lib/amd64;C:\oraclexe\app\oracle\product\10.2.0\server\bin;C:\ActiveTcl\bin;C:\Program Files (x86)\Common Files\Oracle\Java\javapath;C:\Windows\system32;C:\Windows;C:\Windows\System32\Wbem;C:\Windows\System32\WindowsPowerShell\v1.0\;C:\Program Files (x86)\NVIDIA Corporation\PhysX\Common;C:\WINDOWS\system32;C:\WINDOWS;C:\WINDOWS\System32\Wbem;C:\WINDOWS\System32\WindowsPowerShell\v1.0\;C:\WINDOWS\System32\OpenSSH\;C:\Xilinx92i\bin\nt;C:\Program Files\MATLAB\MATLAB Production Server\R2015a\runtime\win64;C:\Program Files\MATLAB\MATLAB Production Server\R2015a\bin;C:\Program Files\MATLAB\MATLAB Production Server\R2015a\polyspace\bin;C:\Program Files\MySQL\MySQL Shell 8.0\bin\;C:\Users\pooji\AppData\Local\Microsoft\WindowsApps;C:\Program Files\Java\jdk1.8.0_201\bin;;N:\Cap Training\sts-4.5.1.RELEASE;;."/>
    <property name="java.vm.info" value="mixed mode"/>
    <property name="java.vendor" value="Oracle Corporation"/>
    <property name="java.vm.version" value="25.231-b11"/>
    <property name="java.ext.dirs" value="C:\Users\pooji\OneDrive\Desktop\java\lib\ext;C:\WINDOWS\Sun\Java\lib\ext"/>
    <property name="sun.io.unicode.encoding" value="UnicodeLittle"/>
    <property name="java.class.version" value="52.0"/>
  </properties>
  <testcase name="Tes1" classname="com.lpu.MavenDemo.TestTransactionBySlip" time="0"/>
  <testcase name="Test2" classname="com.lpu.MavenDemo.TestTransactionBySlip" time="0"/>
  <testcase name="Test3" classname="com.lpu.MavenDemo.TestTransactionBySlip" time="0"/>
  <testcase name="Test4" classname="com.lpu.MavenDemo.TestTransactionBySlip" time="0"/>
  <testcase name="Test5" classname="com.lpu.MavenDemo.TestTransactionBySlip" time="0"/>
  <testcase name="Test6" classname="com.lpu.MavenDemo.TestTransactionBySlip" time="0"/>
</testsuite>